<?xml version="1.0" encoding="UTF-8"?>
<!-- Generated by org.testng.reporters.JUnitReportReporter -->
<testsuite hostname="DESKTOP-622EL1K" failures="0" tests="1" name="AutomationPractice.AddItem" time="1.553" errors="0" timestamp="2021-02-02T08:32:51 CST" skipped="0">
  <testcase classname="AutomationPractice.AddItem" name="AddToCart" time="1.553"/>
  <system-out/>
</testsuite> <!-- AutomationPractice.AddItem -->
