<?xml version="1.0" encoding="UTF-8"?>
<!-- Generated by org.testng.reporters.JUnitReportReporter -->
<testsuite hostname="DESKTOP-622EL1K" failures="0" tests="1" name="AutomationPractice.SearchItem" time="1.496" errors="0" timestamp="2021-01-28T23:25:52 CST" skipped="0">
  <testcase classname="AutomationPractice.SearchItem" name="f" time="1.496"/>
  <system-out/>
</testsuite> <!-- AutomationPractice.SearchItem -->
