<?xml version="1.0" encoding="UTF-8"?>
<!-- Generated by org.testng.reporters.JUnitReportReporter -->
<testsuite hostname="DESKTOP-622EL1K" failures="0" tests="1" name="AutomationPractice.AddItem" time="0.010" errors="0" timestamp="2021-01-21T17:03:48 CST" skipped="0">
  <testcase classname="AutomationPractice.AddItem" name="f" time="0.010"/>
  <system-out/>
</testsuite> <!-- AutomationPractice.AddItem -->
