<?xml version="1.0" encoding="UTF-8"?>
<!-- Generated by org.testng.reporters.JUnitReportReporter -->
<testsuite hostname="DESKTOP-622EL1K" failures="0" tests="1" name="AutomationPractice.AddItem" time="2.480" errors="0" timestamp="2021-01-27T12:21:36 CST" skipped="0">
  <testcase classname="AutomationPractice.AddItem" name="AddToCart" time="2.480"/>
  <system-out/>
</testsuite> <!-- AutomationPractice.AddItem -->
