<?xml version="1.0" encoding="UTF-8"?>
<!-- Generated by org.testng.reporters.JUnitReportReporter -->
<testsuite hostname="DESKTOP-622EL1K" failures="0" tests="1" name="AutomationPractice.AddItem" time="0.877" errors="0" timestamp="2021-01-28T19:23:54 CST" skipped="0">
  <testcase classname="AutomationPractice.AddItem" name="AddToCart" time="0.877"/>
  <system-out/>
</testsuite> <!-- AutomationPractice.AddItem -->
