<?xml version="1.0" encoding="UTF-8"?>
<!-- Generated by org.testng.reporters.JUnitReportReporter -->
<testsuite hostname="DESKTOP-622EL1K" failures="0" tests="1" name="AutomationPractice.RemoveItem" time="3.298" errors="0" timestamp="2021-01-27T17:41:59 CST" skipped="0">
  <testcase classname="AutomationPractice.RemoveItem" name="f" time="3.298"/>
  <system-out/>
</testsuite> <!-- AutomationPractice.RemoveItem -->
