<?xml version="1.0" encoding="UTF-8"?>
<!-- Generated by org.testng.reporters.JUnitReportReporter -->
<testsuite hostname="DESKTOP-622EL1K" failures="0" tests="1" name="AutomationPractice.storeInformation" time="0.107" errors="0" timestamp="2021-01-29T01:45:36 CST" skipped="0">
  <testcase classname="AutomationPractice.storeInformation" name="f" time="0.107"/>
  <system-out/>
</testsuite> <!-- AutomationPractice.storeInformation -->
