<?xml version="1.0" encoding="UTF-8"?>
<!-- Generated by org.testng.reporters.JUnitReportReporter -->
<testsuite hostname="DESKTOP-622EL1K" failures="0" tests="1" name="AutomationPractice.searchItemFalse" time="1.023" errors="0" timestamp="2021-01-28T23:35:27 CST" skipped="0">
  <testcase classname="AutomationPractice.searchItemFalse" name="f" time="1.023"/>
  <system-out/>
</testsuite> <!-- AutomationPractice.searchItemFalse -->
