<?xml version="1.0" encoding="UTF-8"?>
<!-- Generated by org.testng.reporters.JUnitReportReporter -->
<testsuite hostname="DESKTOP-622EL1K" failures="0" tests="1" name="breakingbadapi.NewTest" time="2.332" errors="0" timestamp="2021-01-29T02:29:44 CST" skipped="0">
  <testcase classname="breakingbadapi.NewTest" name="f" time="2.332"/>
  <system-out/>
</testsuite> <!-- breakingbadapi.NewTest -->
